<?xml version="1.0" encoding="UTF-8"?>
<testsuite xmlns:xsi="http://www.w3.org/2001/XMLSchema-instance" xsi:noNamespaceSchemaLocation="https://maven.apache.org/surefire/maven-surefire-plugin/xsd/surefire-test-report-3.0.xsd" version="3.0" name="br.com.vnrg.rinhabackend2024q1.RinhaBackend2024Q1ApplicationTests" time="2.188" tests="1" errors="0" skipped="0" failures="0">
  <properties>
[...]
</properties>
  <testcase name="contextLoads" classname="br.com.vnrg.rinhabackend2024q1.RinhaBackend2024Q1ApplicationTests" time="0.56">
    <system-out><![CDATA[02:03:58.339 [main] INFO org.springframework.test.context.support.AnnotationConfigContextLoaderUtils -- Could not detect default configuration classes for test class [br.com.vnrg.rinhabackend2024q1.RinhaBackend2024Q1ApplicationTests]: RinhaBackend2024Q1ApplicationTests does not declare any static, non-private, non-final, nested classes annotated with @Configuration.
02:03:58.396 [main] INFO org.springframework.boot.test.context.SpringBootTestContextBootstrapper -- Found @SpringBootConfiguration br.com.vnrg.rinhabackend2024q1.RinhaBackend2024Q1Application for test class br.com.vnrg.rinhabackend2024q1.RinhaBackend2024Q1ApplicationTests
02:03:58.480 [main] INFO org.springframework.boot.devtools.restart.RestartApplicationListener -- Restart disabled due to context in which it is running
2024-03-03T02:03:58.656-03:00  INFO 160859 --- [app01] [           main] c.v.r.RinhaBackend2024Q1ApplicationTests : Starting RinhaBackend2024Q1ApplicationTests using Java 21.0.2 with PID 160859 (started by vinicius in /home/vinicius/development/workspace/github/rinha-backend-2024-q1)
2024-03-03T02:03:58.659-03:00  INFO 160859 --- [app01] [           main] c.v.r.RinhaBackend2024Q1ApplicationTests : No active profile set, falling back to 1 default profile: "default"
2024-03-03T02:03:59.784-03:00  INFO 160859 --- [app01] [           main] o.s.b.a.e.web.EndpointLinksResolver      : Exposing 1 endpoint(s) beneath base path '/actuator'
2024-03-03T02:03:59.819-03:00  INFO 160859 --- [app01] [           main] c.v.r.RinhaBackend2024Q1ApplicationTests : Started RinhaBackend2024Q1ApplicationTests in 1.345 seconds (process running for 1.898)
]]></system-out>
    <system-err><![CDATA[WARNING: A Java agent has been loaded dynamically (/home/vinicius/.m2/repository/net/bytebuddy/byte-buddy-agent/1.14.12/byte-buddy-agent-1.14.12.jar)
WARNING: If a serviceability tool is in use, please run with -XX:+EnableDynamicAgentLoading to hide this warning
WARNING: If a serviceability tool is not in use, please run with -Djdk.instrument.traceUsage for more information
WARNING: Dynamic loading of agents will be disallowed by default in a future release
]]></system-err>
  </testcase>
</testsuite>